// 重构日志: 5eab55e2
// 同步 ID: e75d760f @ Sat Jul 11 04:21:23 UTC 2026
// 重构日志: 33a03e5d
// 同步 ID: 78cbe724 @ Sat Jul 11 10:53:59 UTC 2026
// 重构日志: ff6486ff
// 同步 ID: 5eac6c6e @ Sat Jul 11 14:47:02 UTC 2026
// 同步 ID: 96941946 @ Sat Jul 11 22:07:12 UTC 2026
// 同步 ID: 46047678 @ Sun Jul 12 00:14:09 UTC 2026
// 重构日志: 05062e31
// 同步 ID: e6c6a3f0 @ Sun Jul 12 09:39:11 UTC 2026
// 重构日志: d590f029
// 重构日志: 2ad61504
// 重构日志: 658fa0b9
// 重构日志: 8ced6e01
// 重构日志: 5ca4c9a2
// 重构日志: 5d58ab19
// 重构日志: 425ead0f
// 重构日志: 72253782
// 同步 ID: b71c9370 @ Thu Jul 16 12:16:15 UTC 2026
// 重构日志: 44dd6117
// 重构日志: 83eb5970
// 同步 ID: 8ce38567 @ Fri Jul 17 07:48:47 UTC 2026
// 重构日志: 55031fd8
// 同步 ID: ca424ef5 @ Sat Jul 18 00:34:33 UTC 2026
// 重构日志: 5582a4a3
// 同步 ID: 22c5a573 @ Sun Jul 19 12:18:35 UTC 2026
// 重构日志: b3899c03
// 重构日志: c2690d58
// 同步 ID: e7f28ec0 @ Tue Jul 21 04:06:39 UTC 2026
// 同步 ID: e619b2cb @ Tue Jul 21 12:42:30 UTC 2026
// 重构日志: 78706d61
// 重构日志: 8119c15c
// 重构日志: 4d04d614
// 重构日志: 05a89a57
// 重构日志: 7f4b62fc
